# JRE version: OpenJDK Runtime Environment (8.0_202-b03) (build 1.8.0_202-release-1483-b03)
# Java VM: OpenJDK 64-Bit Server VM (25.202-b03 mixed mode windows-amd64 compressed oops)
Heap:
 PSYoungGen      total 150528K, used 126619K [0x00000000eab00000, 0x00000000f5b80000, 0x0000000100000000)
  eden space 136704K, 82% used [0x00000000eab00000,0x00000000f194e848,0x00000000f3080000)
  from space 13824K, 98% used [0x00000000f3480000,0x00000000f41d8690,0x00000000f4200000)
  to   space 22016K, 0% used [0x00000000f4600000,0x00000000f4600000,0x00000000f5b80000)
 ParOldGen       total 128512K, used 45178K [0x00000000c0000000, 0x00000000c7d80000, 0x00000000eab00000)
  object space 128512K, 35% used [0x00000000c0000000,0x00000000c2c1eb00,0x00000000c7d80000)
 Metaspace       used 69503K, capacity 72936K, committed 73088K, reserved 1112064K
  class space    used 9119K, capacity 9852K, committed 9856K, reserved 1048576K
GC Heap History (10 events):
Event: 36.005 GC heap before
{Heap before GC invocations=16 (full 2):
 PSYoungGen      total 95744K, used 45361K [0x00000000eab00000, 0x00000000f4100000, 0x0000000100000000)
  eden space 76800K, 35% used [0x00000000eab00000,0x00000000ec5c32e8,0x00000000ef600000)
  from space 18944K, 94% used [0x00000000ef600000,0x00000000f07894f0,0x00000000f0880000)
  to   space 20992K, 0% used [0x00000000f2c80000,0x00000000f2c80000,0x00000000f4100000)
 ParOldGen       total 82944K, used 28888K [0x00000000c0000000, 0x00000000c5100000, 0x00000000eab00000)
  object space 82944K, 34% used [0x00000000c0000000,0x00000000c1c36020,0x00000000c5100000)
 Metaspace       used 56589K, capacity 58762K, committed 59008K, reserved 1099776K
  class space    used 7746K, capacity 8303K, committed 8320K, reserved 1048576K
Event: 36.023 GC heap after
Heap after GC invocations=16 (full 2):
 PSYoungGen      total 130560K, used 20533K [0x00000000eab00000, 0x00000000f4580000, 0x0000000100000000)
  eden space 109568K, 0% used [0x00000000eab00000,0x00000000eab00000,0x00000000f1600000)
  from space 20992K, 97% used [0x00000000f2c80000,0x00000000f408d730,0x00000000f4100000)
  to   space 23040K, 0% used [0x00000000f1600000,0x00000000f1600000,0x00000000f2c80000)
 ParOldGen       total 82944K, used 29717K [0x00000000c0000000, 0x00000000c5100000, 0x00000000eab00000)
  object space 82944K, 35% used [0x00000000c0000000,0x00000000c1d05500,0x00000000c5100000)
 Metaspace       used 56589K, capacity 58762K, committed 59008K, reserved 1099776K
  class space    used 7746K, capacity 8303K, committed 8320K, reserved 1048576K
}
Event: 36.023 GC heap before
{Heap before GC invocations=17 (full 3):
 PSYoungGen      total 130560K, used 20533K [0x00000000eab00000, 0x00000000f4580000, 0x0000000100000000)
  eden space 109568K, 0% used [0x00000000eab00000,0x00000000eab00000,0x00000000f1600000)
  from space 20992K, 97% used [0x00000000f2c80000,0x00000000f408d730,0x00000000f4100000)
  to   space 23040K, 0% used [0x00000000f1600000,0x00000000f1600000,0x00000000f2c80000)
 ParOldGen       total 82944K, used 29717K [0x00000000c0000000, 0x00000000c5100000, 0x00000000eab00000)
  object space 82944K, 35% used [0x00000000c0000000,0x00000000c1d05500,0x00000000c5100000)
 Metaspace       used 56589K, capacity 58762K, committed 59008K, reserved 1099776K
  class space    used 7746K, capacity 8303K, committed 8320K, reserved 1048576K
Event: 36.264 GC heap after
Heap after GC invocations=17 (full 3):
 PSYoungGen      total 130560K, used 0K [0x00000000eab00000, 0x00000000f4580000, 0x0000000100000000)
  eden space 109568K, 0% used [0x00000000eab00000,0x00000000eab00000,0x00000000f1600000)
  from space 20992K, 0% used [0x00000000f2c80000,0x00000000f2c80000,0x00000000f4100000)
  to   space 23040K, 0% used [0x00000000f1600000,0x00000000f1600000,0x00000000f2c80000)
 ParOldGen       total 128512K, used 45154K [0x00000000c0000000, 0x00000000c7d80000, 0x00000000eab00000)
  object space 128512K, 35% used [0x00000000c0000000,0x00000000c2c18b00,0x00000000c7d80000)
 Metaspace       used 56589K, capacity 58762K, committed 59008K, reserved 1099776K
  class space    used 7746K, capacity 8303K, committed 8320K, reserved 1048576K
}
Event: 205.878 GC heap before
{Heap before GC invocations=18 (full 3):
 PSYoungGen      total 130560K, used 109568K [0x00000000eab00000, 0x00000000f4580000, 0x0000000100000000)
  eden space 109568K, 100% used [0x00000000eab00000,0x00000000f1600000,0x00000000f1600000)
  from space 20992K, 0% used [0x00000000f2c80000,0x00000000f2c80000,0x00000000f4100000)
  to   space 23040K, 0% used [0x00000000f1600000,0x00000000f1600000,0x00000000f2c80000)
 ParOldGen       total 128512K, used 45154K [0x00000000c0000000, 0x00000000c7d80000, 0x00000000eab00000)
  object space 128512K, 35% used [0x00000000c0000000,0x00000000c2c18b00,0x00000000c7d80000)
 Metaspace       used 60880K, capacity 63348K, committed 63360K, reserved 1103872K
  class space    used 8241K, capacity 8826K, committed 8832K, reserved 1048576K
Event: 205.891 GC heap after
Heap after GC invocations=18 (full 3):
 PSYoungGen      total 132608K, used 8256K [0x00000000eab00000, 0x00000000f6600000, 0x0000000100000000)
  eden space 109568K, 0% used [0x00000000eab00000,0x00000000eab00000,0x00000000f1600000)
  from space 23040K, 35% used [0x00000000f1600000,0x00000000f1e10020,0x00000000f2c80000)
  to   space 23040K, 0% used [0x00000000f4f80000,0x00000000f4f80000,0x00000000f6600000)
 ParOldGen       total 128512K, used 45162K [0x00000000c0000000, 0x00000000c7d80000, 0x00000000eab00000)
  object space 128512K, 35% used [0x00000000c0000000,0x00000000c2c1ab00,0x00000000c7d80000)
 Metaspace       used 60880K, capacity 63348K, committed 63360K, reserved 1103872K
  class space    used 8241K, capacity 8826K, committed 8832K, reserved 1048576K
}
Event: 290.601 GC heap before
{Heap before GC invocations=19 (full 3):
 PSYoungGen      total 132608K, used 117824K [0x00000000eab00000, 0x00000000f6600000, 0x0000000100000000)
  eden space 109568K, 100% used [0x00000000eab00000,0x00000000f1600000,0x00000000f1600000)
  from space 23040K, 35% used [0x00000000f1600000,0x00000000f1e10020,0x00000000f2c80000)
  to   space 23040K, 0% used [0x00000000f4f80000,0x00000000f4f80000,0x00000000f6600000)
 ParOldGen       total 128512K, used 45162K [0x00000000c0000000, 0x00000000c7d80000, 0x00000000eab00000)
  object space 128512K, 35% used [0x00000000c0000000,0x00000000c2c1ab00,0x00000000c7d80000)
 Metaspace       used 64730K, capacity 67472K, committed 67584K, reserved 1107968K
  class space    used 8528K, capacity 9168K, committed 9216K, reserved 1048576K
Event: 290.613 GC heap after
Heap after GC invocations=19 (full 3):
 PSYoungGen      total 158208K, used 14439K [0x00000000eab00000, 0x00000000f6080000, 0x0000000100000000)
  eden space 140800K, 0% used [0x00000000eab00000,0x00000000eab00000,0x00000000f3480000)
  from space 17408K, 82% used [0x00000000f4f80000,0x00000000f5d99f20,0x00000000f6080000)
  to   space 22528K, 0% used [0x00000000f3480000,0x00000000f3480000,0x00000000f4a80000)
 ParOldGen       total 128512K, used 45170K [0x00000000c0000000, 0x00000000c7d80000, 0x00000000eab00000)
  object space 128512K, 35% used [0x00000000c0000000,0x00000000c2c1cb00,0x00000000c7d80000)
 Metaspace       used 64730K, capacity 67472K, committed 67584K, reserved 1107968K
  class space    used 8528K, capacity 9168K, committed 9216K, reserved 1048576K
}
Event: 619.090 GC heap before
{Heap before GC invocations=20 (full 3):
 PSYoungGen      total 158208K, used 155239K [0x00000000eab00000, 0x00000000f6080000, 0x0000000100000000)
  eden space 140800K, 100% used [0x00000000eab00000,0x00000000f3480000,0x00000000f3480000)
  from space 17408K, 82% used [0x00000000f4f80000,0x00000000f5d99f20,0x00000000f6080000)
  to   space 22528K, 0% used [0x00000000f3480000,0x00000000f3480000,0x00000000f4a80000)
 ParOldGen       total 128512K, used 45170K [0x00000000c0000000, 0x00000000c7d80000, 0x00000000eab00000)
  object space 128512K, 35% used [0x00000000c0000000,0x00000000c2c1cb00,0x00000000c7d80000)
 Metaspace       used 68234K, capacity 71418K, committed 71680K, reserved 1112064K
  class space    used 8966K, capacity 9673K, committed 9728K, reserved 1048576K
Event: 619.100 GC heap after
Heap after GC invocations=20 (full 3):
 PSYoungGen      total 150528K, used 13665K [0x00000000eab00000, 0x00000000f5b80000, 0x0000000100000000)
  eden space 136704K, 0% used [0x00000000eab00000,0x00000000eab00000,0x00000000f3080000)
  from space 13824K, 98% used [0x00000000f3480000,0x00000000f41d8690,0x00000000f4200000)
  to   space 22016K, 0% used [0x00000000f4600000,0x00000000f4600000,0x00000000f5b80000)
 ParOldGen       total 128512K, used 45178K [0x00000000c0000000, 0x00000000c7d80000, 0x00000000eab00000)
  object space 128512K, 35% used [0x00000000c0000000,0x00000000c2c1eb00,0x00000000c7d80000)
 Metaspace       used 68234K, capacity 71418K, committed 71680K, reserved 1112064K
  class space    used 8966K, capacity 9673K, committed 9728K, reserved 1048576K
}

